<?xml version="1.0" encoding="UTF-8"?>
<testsuite xmlns:xsi="http://www.w3.org/2001/XMLSchema-instance" xsi:noNamespaceSchemaLocation="https://maven.apache.org/surefire/maven-surefire-plugin/xsd/surefire-test-report-3.0.xsd" version="3.0" name="com.apiautomation.framework.tests.MinimalWorkingTest" time="0.394" tests="4" errors="0" skipped="0" failures="0">
  <properties>
    <property name="java.specification.version" value="17"/>
    <property name="sun.jnu.encoding" value="UTF-8"/>
    <property name="java.class.path" value="/Users/siddhantarora/APIAutomationFrameworkWithAI/target/test-classes:/Users/siddhantarora/APIAutomationFrameworkWithAI/target/classes:/Users/siddhantarora/.m2/repository/io/rest-assured/rest-assured/5.3.0/rest-assured-5.3.0.jar:/Users/siddhantarora/.m2/repository/org/apache/groovy/groovy/4.0.6/groovy-4.0.6.jar:/Users/siddhantarora/.m2/repository/org/apache/groovy/groovy-xml/4.0.6/groovy-xml-4.0.6.jar:/Users/siddhantarora/.m2/repository/org/apache/httpcomponents/httpclient/4.5.13/httpclient-4.5.13.jar:/Users/siddhantarora/.m2/repository/org/apache/httpcomponents/httpcore/4.4.13/httpcore-4.4.13.jar:/Users/siddhantarora/.m2/repository/commons-logging/commons-logging/1.2/commons-logging-1.2.jar:/Users/siddhantarora/.m2/repository/commons-codec/commons-codec/1.11/commons-codec-1.11.jar:/Users/siddhantarora/.m2/repository/org/apache/httpcomponents/httpmime/4.5.13/httpmime-4.5.13.jar:/Users/siddhantarora/.m2/repository/org/ccil/cowan/tagsoup/tagsoup/1.2.1/tagsoup-1.2.1.jar:/Users/siddhantarora/.m2/repository/io/rest-assured/json-path/5.3.0/json-path-5.3.0.jar:/Users/siddhantarora/.m2/repository/org/apache/groovy/groovy-json/4.0.6/groovy-json-4.0.6.jar:/Users/siddhantarora/.m2/repository/io/rest-assured/rest-assured-common/5.3.0/rest-assured-common-5.3.0.jar:/Users/siddhantarora/.m2/repository/io/rest-assured/xml-path/5.3.0/xml-path-5.3.0.jar:/Users/siddhantarora/.m2/repository/io/rest-assured/json-schema-validator/5.3.0/json-schema-validator-5.3.0.jar:/Users/siddhantarora/.m2/repository/com/github/java-json-tools/json-schema-validator/2.2.14/json-schema-validator-2.2.14.jar:/Users/siddhantarora/.m2/repository/com/google/guava/guava/28.2-android/guava-28.2-android.jar:/Users/siddhantarora/.m2/repository/com/google/guava/failureaccess/1.0.1/failureaccess-1.0.1.jar:/Users/siddhantarora/.m2/repository/com/google/guava/listenablefuture/9999.0-empty-to-avoid-conflict-with-guava/listenablefuture-9999.0-empty-to-avoid-conflict-with-guava.jar:/Users/siddhantarora/.m2/repository/org/checkerframework/checker-compat-qual/2.5.5/checker-compat-qual-2.5.5.jar:/Users/siddhantarora/.m2/repository/com/google/errorprone/error_prone_annotations/2.3.4/error_prone_annotations-2.3.4.jar:/Users/siddhantarora/.m2/repository/com/google/j2objc/j2objc-annotations/1.3/j2objc-annotations-1.3.jar:/Users/siddhantarora/.m2/repository/com/github/java-json-tools/jackson-coreutils-equivalence/1.0/jackson-coreutils-equivalence-1.0.jar:/Users/siddhantarora/.m2/repository/com/github/java-json-tools/jackson-coreutils/2.0/jackson-coreutils-2.0.jar:/Users/siddhantarora/.m2/repository/com/github/java-json-tools/msg-simple/1.2/msg-simple-1.2.jar:/Users/siddhantarora/.m2/repository/com/github/java-json-tools/btf/1.3/btf-1.3.jar:/Users/siddhantarora/.m2/repository/com/github/java-json-tools/json-schema-core/1.2.14/json-schema-core-1.2.14.jar:/Users/siddhantarora/.m2/repository/com/github/java-json-tools/uri-template/0.10/uri-template-0.10.jar:/Users/siddhantarora/.m2/repository/org/mozilla/rhino/1.7.7.2/rhino-1.7.7.2.jar:/Users/siddhantarora/.m2/repository/com/sun/mail/mailapi/1.6.2/mailapi-1.6.2.jar:/Users/siddhantarora/.m2/repository/joda-time/joda-time/2.10.5/joda-time-2.10.5.jar:/Users/siddhantarora/.m2/repository/com/googlecode/libphonenumber/libphonenumber/8.11.1/libphonenumber-8.11.1.jar:/Users/siddhantarora/.m2/repository/com/google/code/findbugs/jsr305/3.0.2/jsr305-3.0.2.jar:/Users/siddhantarora/.m2/repository/net/sf/jopt-simple/jopt-simple/5.0.4/jopt-simple-5.0.4.jar:/Users/siddhantarora/.m2/repository/org/testng/testng/7.7.1/testng-7.7.1.jar:/Users/siddhantarora/.m2/repository/com/beust/jcommander/1.82/jcommander-1.82.jar:/Users/siddhantarora/.m2/repository/org/webjars/jquery/3.6.1/jquery-3.6.1.jar:/Users/siddhantarora/.m2/repository/io/qameta/allure/allure-testng/2.24.0/allure-testng-2.24.0.jar:/Users/siddhantarora/.m2/repository/io/qameta/allure/allure-java-commons/2.24.0/allure-java-commons-2.24.0.jar:/Users/siddhantarora/.m2/repository/io/qameta/allure/allure-model/2.24.0/allure-model-2.24.0.jar:/Users/siddhantarora/.m2/repository/io/qameta/allure/allure-test-filter/2.24.0/allure-test-filter-2.24.0.jar:/Users/siddhantarora/.m2/repository/com/fasterxml/jackson/core/jackson-databind/2.15.2/jackson-databind-2.15.2.jar:/Users/siddhantarora/.m2/repository/com/fasterxml/jackson/core/jackson-annotations/2.15.2/jackson-annotations-2.15.2.jar:/Users/siddhantarora/.m2/repository/com/fasterxml/jackson/core/jackson-core/2.15.2/jackson-core-2.15.2.jar:/Users/siddhantarora/.m2/repository/com/theokanning/openai-gpt3-java/service/0.18.2/service-0.18.2.jar:/Users/siddhantarora/.m2/repository/com/theokanning/openai-gpt3-java/client/0.18.2/client-0.18.2.jar:/Users/siddhantarora/.m2/repository/com/theokanning/openai-gpt3-java/api/0.18.2/api-0.18.2.jar:/Users/siddhantarora/.m2/repository/com/knuddels/jtokkit/0.5.1/jtokkit-0.5.1.jar:/Users/siddhantarora/.m2/repository/com/squareup/retrofit2/retrofit/2.9.0/retrofit-2.9.0.jar:/Users/siddhantarora/.m2/repository/com/squareup/okhttp3/okhttp/3.14.9/okhttp-3.14.9.jar:/Users/siddhantarora/.m2/repository/com/squareup/okio/okio/1.17.2/okio-1.17.2.jar:/Users/siddhantarora/.m2/repository/com/squareup/retrofit2/adapter-rxjava2/2.9.0/adapter-rxjava2-2.9.0.jar:/Users/siddhantarora/.m2/repository/io/reactivex/rxjava2/rxjava/2.0.0/rxjava-2.0.0.jar:/Users/siddhantarora/.m2/repository/org/reactivestreams/reactive-streams/1.0.3/reactive-streams-1.0.3.jar:/Users/siddhantarora/.m2/repository/com/squareup/retrofit2/converter-jackson/2.9.0/converter-jackson-2.9.0.jar:/Users/siddhantarora/.m2/repository/com/kjetland/mbknor-jackson-jsonschema_2.12/1.0.34/mbknor-jackson-jsonschema_2.12-1.0.34.jar:/Users/siddhantarora/.m2/repository/org/scala-lang/scala-library/2.12.8/scala-library-2.12.8.jar:/Users/siddhantarora/.m2/repository/javax/validation/validation-api/2.0.1.Final/validation-api-2.0.1.Final.jar:/Users/siddhantarora/.m2/repository/io/github/classgraph/classgraph/4.8.21/classgraph-4.8.21.jar:/Users/siddhantarora/.m2/repository/ch/qos/logback/logback-classic/1.4.7/logback-classic-1.4.7.jar:/Users/siddhantarora/.m2/repository/ch/qos/logback/logback-core/1.4.7/logback-core-1.4.7.jar:/Users/siddhantarora/.m2/repository/org/slf4j/slf4j-api/2.0.7/slf4j-api-2.0.7.jar:/Users/siddhantarora/.m2/repository/org/apache/commons/commons-lang3/3.12.0/commons-lang3-3.12.0.jar:/Users/siddhantarora/.m2/repository/commons-io/commons-io/2.11.0/commons-io-2.11.0.jar:/Users/siddhantarora/.m2/repository/junit/junit/4.13.2/junit-4.13.2.jar:/Users/siddhantarora/.m2/repository/org/hamcrest/hamcrest-core/1.3/hamcrest-core-1.3.jar:/Users/siddhantarora/.m2/repository/org/hamcrest/hamcrest/2.2/hamcrest-2.2.jar:/Users/siddhantarora/.m2/repository/com/jayway/jsonpath/json-path/2.8.0/json-path-2.8.0.jar:/Users/siddhantarora/.m2/repository/net/minidev/json-smart/2.4.10/json-smart-2.4.10.jar:/Users/siddhantarora/.m2/repository/net/minidev/accessors-smart/2.4.9/accessors-smart-2.4.9.jar:/Users/siddhantarora/.m2/repository/org/ow2/asm/asm/9.3/asm-9.3.jar:"/>
    <property name="java.vm.vendor" value="Oracle Corporation"/>
    <property name="sun.arch.data.model" value="64"/>
    <property name="java.vendor.url" value="https://java.oracle.com/"/>
    <property name="user.timezone" value="Asia/Kolkata"/>
    <property name="os.name" value="Mac OS X"/>
    <property name="java.vm.specification.version" value="17"/>
    <property name="sun.java.launcher" value="SUN_STANDARD"/>
    <property name="user.country" value="GB"/>
    <property name="sun.boot.library.path" value="/Library/Java/JavaVirtualMachines/jdk-17.jdk/Contents/Home/lib"/>
    <property name="sun.java.command" value="/Users/siddhantarora/APIAutomationFrameworkWithAI/target/surefire/surefirebooter-20250811083815895_3.jar /Users/siddhantarora/APIAutomationFrameworkWithAI/target/surefire 2025-08-11T08-38-15_847-jvmRun1 surefire-20250811083815895_1tmp surefire_0-20250811083815895_2tmp"/>
    <property name="http.nonProxyHosts" value="local|*.local|169.254/16|*.169.254/16"/>
    <property name="jdk.debug" value="release"/>
    <property name="test" value="MinimalWorkingTest"/>
    <property name="surefire.test.class.path" value="/Users/siddhantarora/APIAutomationFrameworkWithAI/target/test-classes:/Users/siddhantarora/APIAutomationFrameworkWithAI/target/classes:/Users/siddhantarora/.m2/repository/io/rest-assured/rest-assured/5.3.0/rest-assured-5.3.0.jar:/Users/siddhantarora/.m2/repository/org/apache/groovy/groovy/4.0.6/groovy-4.0.6.jar:/Users/siddhantarora/.m2/repository/org/apache/groovy/groovy-xml/4.0.6/groovy-xml-4.0.6.jar:/Users/siddhantarora/.m2/repository/org/apache/httpcomponents/httpclient/4.5.13/httpclient-4.5.13.jar:/Users/siddhantarora/.m2/repository/org/apache/httpcomponents/httpcore/4.4.13/httpcore-4.4.13.jar:/Users/siddhantarora/.m2/repository/commons-logging/commons-logging/1.2/commons-logging-1.2.jar:/Users/siddhantarora/.m2/repository/commons-codec/commons-codec/1.11/commons-codec-1.11.jar:/Users/siddhantarora/.m2/repository/org/apache/httpcomponents/httpmime/4.5.13/httpmime-4.5.13.jar:/Users/siddhantarora/.m2/repository/org/ccil/cowan/tagsoup/tagsoup/1.2.1/tagsoup-1.2.1.jar:/Users/siddhantarora/.m2/repository/io/rest-assured/json-path/5.3.0/json-path-5.3.0.jar:/Users/siddhantarora/.m2/repository/org/apache/groovy/groovy-json/4.0.6/groovy-json-4.0.6.jar:/Users/siddhantarora/.m2/repository/io/rest-assured/rest-assured-common/5.3.0/rest-assured-common-5.3.0.jar:/Users/siddhantarora/.m2/repository/io/rest-assured/xml-path/5.3.0/xml-path-5.3.0.jar:/Users/siddhantarora/.m2/repository/io/rest-assured/json-schema-validator/5.3.0/json-schema-validator-5.3.0.jar:/Users/siddhantarora/.m2/repository/com/github/java-json-tools/json-schema-validator/2.2.14/json-schema-validator-2.2.14.jar:/Users/siddhantarora/.m2/repository/com/google/guava/guava/28.2-android/guava-28.2-android.jar:/Users/siddhantarora/.m2/repository/com/google/guava/failureaccess/1.0.1/failureaccess-1.0.1.jar:/Users/siddhantarora/.m2/repository/com/google/guava/listenablefuture/9999.0-empty-to-avoid-conflict-with-guava/listenablefuture-9999.0-empty-to-avoid-conflict-with-guava.jar:/Users/siddhantarora/.m2/repository/org/checkerframework/checker-compat-qual/2.5.5/checker-compat-qual-2.5.5.jar:/Users/siddhantarora/.m2/repository/com/google/errorprone/error_prone_annotations/2.3.4/error_prone_annotations-2.3.4.jar:/Users/siddhantarora/.m2/repository/com/google/j2objc/j2objc-annotations/1.3/j2objc-annotations-1.3.jar:/Users/siddhantarora/.m2/repository/com/github/java-json-tools/jackson-coreutils-equivalence/1.0/jackson-coreutils-equivalence-1.0.jar:/Users/siddhantarora/.m2/repository/com/github/java-json-tools/jackson-coreutils/2.0/jackson-coreutils-2.0.jar:/Users/siddhantarora/.m2/repository/com/github/java-json-tools/msg-simple/1.2/msg-simple-1.2.jar:/Users/siddhantarora/.m2/repository/com/github/java-json-tools/btf/1.3/btf-1.3.jar:/Users/siddhantarora/.m2/repository/com/github/java-json-tools/json-schema-core/1.2.14/json-schema-core-1.2.14.jar:/Users/siddhantarora/.m2/repository/com/github/java-json-tools/uri-template/0.10/uri-template-0.10.jar:/Users/siddhantarora/.m2/repository/org/mozilla/rhino/1.7.7.2/rhino-1.7.7.2.jar:/Users/siddhantarora/.m2/repository/com/sun/mail/mailapi/1.6.2/mailapi-1.6.2.jar:/Users/siddhantarora/.m2/repository/joda-time/joda-time/2.10.5/joda-time-2.10.5.jar:/Users/siddhantarora/.m2/repository/com/googlecode/libphonenumber/libphonenumber/8.11.1/libphonenumber-8.11.1.jar:/Users/siddhantarora/.m2/repository/com/google/code/findbugs/jsr305/3.0.2/jsr305-3.0.2.jar:/Users/siddhantarora/.m2/repository/net/sf/jopt-simple/jopt-simple/5.0.4/jopt-simple-5.0.4.jar:/Users/siddhantarora/.m2/repository/org/testng/testng/7.7.1/testng-7.7.1.jar:/Users/siddhantarora/.m2/repository/com/beust/jcommander/1.82/jcommander-1.82.jar:/Users/siddhantarora/.m2/repository/org/webjars/jquery/3.6.1/jquery-3.6.1.jar:/Users/siddhantarora/.m2/repository/io/qameta/allure/allure-testng/2.24.0/allure-testng-2.24.0.jar:/Users/siddhantarora/.m2/repository/io/qameta/allure/allure-java-commons/2.24.0/allure-java-commons-2.24.0.jar:/Users/siddhantarora/.m2/repository/io/qameta/allure/allure-model/2.24.0/allure-model-2.24.0.jar:/Users/siddhantarora/.m2/repository/io/qameta/allure/allure-test-filter/2.24.0/allure-test-filter-2.24.0.jar:/Users/siddhantarora/.m2/repository/com/fasterxml/jackson/core/jackson-databind/2.15.2/jackson-databind-2.15.2.jar:/Users/siddhantarora/.m2/repository/com/fasterxml/jackson/core/jackson-annotations/2.15.2/jackson-annotations-2.15.2.jar:/Users/siddhantarora/.m2/repository/com/fasterxml/jackson/core/jackson-core/2.15.2/jackson-core-2.15.2.jar:/Users/siddhantarora/.m2/repository/com/theokanning/openai-gpt3-java/service/0.18.2/service-0.18.2.jar:/Users/siddhantarora/.m2/repository/com/theokanning/openai-gpt3-java/client/0.18.2/client-0.18.2.jar:/Users/siddhantarora/.m2/repository/com/theokanning/openai-gpt3-java/api/0.18.2/api-0.18.2.jar:/Users/siddhantarora/.m2/repository/com/knuddels/jtokkit/0.5.1/jtokkit-0.5.1.jar:/Users/siddhantarora/.m2/repository/com/squareup/retrofit2/retrofit/2.9.0/retrofit-2.9.0.jar:/Users/siddhantarora/.m2/repository/com/squareup/okhttp3/okhttp/3.14.9/okhttp-3.14.9.jar:/Users/siddhantarora/.m2/repository/com/squareup/okio/okio/1.17.2/okio-1.17.2.jar:/Users/siddhantarora/.m2/repository/com/squareup/retrofit2/adapter-rxjava2/2.9.0/adapter-rxjava2-2.9.0.jar:/Users/siddhantarora/.m2/repository/io/reactivex/rxjava2/rxjava/2.0.0/rxjava-2.0.0.jar:/Users/siddhantarora/.m2/repository/org/reactivestreams/reactive-streams/1.0.3/reactive-streams-1.0.3.jar:/Users/siddhantarora/.m2/repository/com/squareup/retrofit2/converter-jackson/2.9.0/converter-jackson-2.9.0.jar:/Users/siddhantarora/.m2/repository/com/kjetland/mbknor-jackson-jsonschema_2.12/1.0.34/mbknor-jackson-jsonschema_2.12-1.0.34.jar:/Users/siddhantarora/.m2/repository/org/scala-lang/scala-library/2.12.8/scala-library-2.12.8.jar:/Users/siddhantarora/.m2/repository/javax/validation/validation-api/2.0.1.Final/validation-api-2.0.1.Final.jar:/Users/siddhantarora/.m2/repository/io/github/classgraph/classgraph/4.8.21/classgraph-4.8.21.jar:/Users/siddhantarora/.m2/repository/ch/qos/logback/logback-classic/1.4.7/logback-classic-1.4.7.jar:/Users/siddhantarora/.m2/repository/ch/qos/logback/logback-core/1.4.7/logback-core-1.4.7.jar:/Users/siddhantarora/.m2/repository/org/slf4j/slf4j-api/2.0.7/slf4j-api-2.0.7.jar:/Users/siddhantarora/.m2/repository/org/apache/commons/commons-lang3/3.12.0/commons-lang3-3.12.0.jar:/Users/siddhantarora/.m2/repository/commons-io/commons-io/2.11.0/commons-io-2.11.0.jar:/Users/siddhantarora/.m2/repository/junit/junit/4.13.2/junit-4.13.2.jar:/Users/siddhantarora/.m2/repository/org/hamcrest/hamcrest-core/1.3/hamcrest-core-1.3.jar:/Users/siddhantarora/.m2/repository/org/hamcrest/hamcrest/2.2/hamcrest-2.2.jar:/Users/siddhantarora/.m2/repository/com/jayway/jsonpath/json-path/2.8.0/json-path-2.8.0.jar:/Users/siddhantarora/.m2/repository/net/minidev/json-smart/2.4.10/json-smart-2.4.10.jar:/Users/siddhantarora/.m2/repository/net/minidev/accessors-smart/2.4.9/accessors-smart-2.4.9.jar:/Users/siddhantarora/.m2/repository/org/ow2/asm/asm/9.3/asm-9.3.jar:"/>
    <property name="sun.cpu.endian" value="little"/>
    <property name="user.home" value="/Users/siddhantarora"/>
    <property name="user.language" value="en"/>
    <property name="java.specification.vendor" value="Oracle Corporation"/>
    <property name="java.version.date" value="2025-04-15"/>
    <property name="java.home" value="/Library/Java/JavaVirtualMachines/jdk-17.jdk/Contents/Home"/>
    <property name="file.separator" value="/"/>
    <property name="basedir" value="/Users/siddhantarora/APIAutomationFrameworkWithAI"/>
    <property name="java.vm.compressedOopsMode" value="Zero based"/>
    <property name="line.separator" value="&#10;"/>
    <property name="java.vm.specification.vendor" value="Oracle Corporation"/>
    <property name="java.specification.name" value="Java Platform API Specification"/>
    <property name="surefire.real.class.path" value="/Users/siddhantarora/APIAutomationFrameworkWithAI/target/surefire/surefirebooter-20250811083815895_3.jar"/>
    <property name="sun.management.compiler" value="HotSpot 64-Bit Tiered Compilers"/>
    <property name="ftp.nonProxyHosts" value="local|*.local|169.254/16|*.169.254/16"/>
    <property name="java.runtime.version" value="17.0.15+9-LTS-241"/>
    <property name="user.name" value="siddhantarora"/>
    <property name="path.separator" value=":"/>
    <property name="os.version" value="14.3.1"/>
    <property name="java.runtime.name" value="Java(TM) SE Runtime Environment"/>
    <property name="file.encoding" value="UTF-8"/>
    <property name="java.vm.name" value="Java HotSpot(TM) 64-Bit Server VM"/>
    <property name="localRepository" value="/Users/siddhantarora/.m2/repository"/>
    <property name="java.vendor.url.bug" value="https://bugreport.java.com/bugreport/"/>
    <property name="java.io.tmpdir" value="/var/folders/fr/nzrdsds93sl77w7tf_1rfpsr0000gn/T/"/>
    <property name="java.version" value="17.0.15"/>
    <property name="user.dir" value="/Users/siddhantarora/APIAutomationFrameworkWithAI"/>
    <property name="os.arch" value="aarch64"/>
    <property name="java.vm.specification.name" value="Java Virtual Machine Specification"/>
    <property name="native.encoding" value="UTF-8"/>
    <property name="java.library.path" value="/Users/siddhantarora/Library/Java/Extensions:/Library/Java/Extensions:/Network/Library/Java/Extensions:/System/Library/Java/Extensions:/usr/lib/java:."/>
    <property name="java.vm.info" value="mixed mode, sharing"/>
    <property name="java.vendor" value="Oracle Corporation"/>
    <property name="java.vm.version" value="17.0.15+9-LTS-241"/>
    <property name="java.specification.maintenance.version" value="1"/>
    <property name="sun.io.unicode.encoding" value="UnicodeBig"/>
    <property name="socksNonProxyHosts" value="local|*.local|169.254/16|*.169.254/16"/>
    <property name="java.class.version" value="61.0"/>
  </properties>
  <testcase name="testArrayOperation" classname="com.apiautomation.framework.tests.MinimalWorkingTest" time="0.042">
    <system-out><![CDATA[08:38:16,054 |-INFO in ch.qos.logback.classic.LoggerContext[default] - This is logback-classic version 1.4.7
08:38:16,071 |-INFO in ch.qos.logback.classic.LoggerContext[default] - Could NOT find resource [logback-test.xml]
08:38:16,073 |-INFO in ch.qos.logback.classic.LoggerContext[default] - Found resource [logback.xml] at [file:/Users/siddhantarora/APIAutomationFrameworkWithAI/target/test-classes/logback.xml]
08:38:16,127 |-INFO in ch.qos.logback.core.model.processor.AppenderModelHandler - Processing appender named [CONSOLE]
08:38:16,127 |-INFO in ch.qos.logback.core.model.processor.AppenderModelHandler - About to instantiate appender of type [ch.qos.logback.core.ConsoleAppender]
08:38:16,129 |-INFO in ch.qos.logback.core.model.processor.ImplicitModelHandler - Assuming default type [ch.qos.logback.classic.encoder.PatternLayoutEncoder] for [encoder] property
08:38:16,141 |-INFO in ch.qos.logback.core.model.processor.AppenderModelHandler - Processing appender named [FILE]
08:38:16,141 |-INFO in ch.qos.logback.core.model.processor.AppenderModelHandler - About to instantiate appender of type [ch.qos.logback.core.rolling.RollingFileAppender]
08:38:16,146 |-INFO in c.q.l.core.rolling.TimeBasedRollingPolicy@1226020905 - No compression will be used
08:38:16,146 |-INFO in c.q.l.core.rolling.TimeBasedRollingPolicy@1226020905 - Will use the pattern target/test.%d{yyyy-MM-dd}.%i.log for the active file
08:38:16,157 |-INFO in ch.qos.logback.core.rolling.SizeAndTimeBasedFNATP@9597028 - The date pattern is 'yyyy-MM-dd' from file name pattern 'target/test.%d{yyyy-MM-dd}.%i.log'.
08:38:16,157 |-INFO in ch.qos.logback.core.rolling.SizeAndTimeBasedFNATP@9597028 - Roll-over at midnight.
08:38:16,161 |-INFO in ch.qos.logback.core.rolling.SizeAndTimeBasedFNATP@9597028 - Setting initial period to 2025-08-11T03:08:16.160Z
08:38:16,161 |-WARN in ch.qos.logback.core.rolling.SizeAndTimeBasedFNATP@9597028 - SizeAndTimeBasedFNATP is deprecated. Use SizeAndTimeBasedRollingPolicy instead
08:38:16,161 |-WARN in ch.qos.logback.core.rolling.SizeAndTimeBasedFNATP@9597028 - For more information see http://logback.qos.ch/manual/appenders.html#SizeAndTimeBasedRollingPolicy
08:38:16,162 |-INFO in ch.qos.logback.core.model.processor.ImplicitModelHandler - Assuming default type [ch.qos.logback.classic.encoder.PatternLayoutEncoder] for [encoder] property
08:38:16,163 |-INFO in ch.qos.logback.core.rolling.RollingFileAppender[FILE] - Active log file name: target/test.log
08:38:16,163 |-INFO in ch.qos.logback.core.rolling.RollingFileAppender[FILE] - File property is set to [target/test.log]
08:38:16,164 |-WARN in ch.qos.logback.core.model.processor.AppenderModelHandler - Appender named [ALLURE] not referenced. Skipping further processing.
08:38:16,164 |-INFO in ch.qos.logback.classic.model.processor.RootLoggerModelHandler - Setting level of ROOT logger to INFO
08:38:16,164 |-INFO in ch.qos.logback.core.model.processor.AppenderRefModelHandler - Attaching appender named [CONSOLE] to Logger[ROOT]
08:38:16,164 |-INFO in ch.qos.logback.core.model.processor.AppenderRefModelHandler - Attaching appender named [FILE] to Logger[ROOT]
08:38:16,164 |-INFO in ch.qos.logback.classic.model.processor.LoggerModelHandler - Setting level of logger [com.apiautomation.framework] to DEBUG
08:38:16,165 |-INFO in ch.qos.logback.classic.model.processor.LoggerModelHandler - Setting level of logger [io.restassured] to INFO
08:38:16,165 |-INFO in ch.qos.logback.classic.model.processor.LoggerModelHandler - Setting level of logger [org.testng] to INFO
08:38:16,165 |-INFO in ch.qos.logback.classic.model.processor.LoggerModelHandler - Setting level of logger [io.qameta.allure] to INFO
08:38:16,165 |-INFO in ch.qos.logback.classic.model.processor.LoggerModelHandler - Setting level of logger [org.apache.http] to WARN
08:38:16,165 |-INFO in ch.qos.logback.classic.model.processor.LoggerModelHandler - Setting level of logger [org.apache.http.wire] to WARN
08:38:16,165 |-INFO in ch.qos.logback.core.model.processor.DefaultProcessor@6069db50 - End of configuration.
08:38:16,165 |-INFO in ch.qos.logback.classic.joran.JoranConfigurator@4efbca5a - Registering current configuration as safe fallback point

✅ Array operation test passed!
]]></system-out>
  </testcase>
  <testcase name="testBasicAssertion" classname="com.apiautomation.framework.tests.MinimalWorkingTest" time="0.003">
    <system-out><![CDATA[✅ Basic assertion test passed!
]]></system-out>
  </testcase>
  <testcase name="testMathOperation" classname="com.apiautomation.framework.tests.MinimalWorkingTest" time="0.001">
    <system-out><![CDATA[✅ Math operation test passed!
]]></system-out>
  </testcase>
  <testcase name="testStringComparison" classname="com.apiautomation.framework.tests.MinimalWorkingTest" time="0.002">
    <system-out><![CDATA[✅ String comparison test passed!
]]></system-out>
  </testcase>
</testsuite>