<?xml version="1.0" encoding="UTF-8"?>
<!-- Generated by org.testng.reporters.JUnitReportReporter -->
<testsuite hostname="Siddhants-MacBook-Air.local" failures="0" tests="4" name="com.apiautomation.framework.tests.MinimalWorkingTest" time="0.023" errors="0" timestamp="2025-08-11T08:38:16 IST" skipped="0">
  <testcase classname="com.apiautomation.framework.tests.MinimalWorkingTest" name="testBasicAssertion" time="0.000"/>
  <system-out/>
  <testcase classname="com.apiautomation.framework.tests.MinimalWorkingTest" name="testArrayOperation" time="0.021"/>
  <system-out/>
  <testcase classname="com.apiautomation.framework.tests.MinimalWorkingTest" name="testStringComparison" time="0.001"/>
  <system-out/>
  <testcase classname="com.apiautomation.framework.tests.MinimalWorkingTest" name="testMathOperation" time="0.001"/>
  <system-out/>
</testsuite> <!-- com.apiautomation.framework.tests.MinimalWorkingTest -->
